-------------------------------------------------------------------------------
Test set: TestSuite
-------------------------------------------------------------------------------
Tests run: 6, Failures: 1, Errors: 0, Skipped: 0, Time elapsed: 83.079 s <<< FAILURE! - in TestSuite
menShirtsLinkVisibilityTest(com.flipkart.qa.testcases.HomePageTest)  Time elapsed: 0.015 s  <<< FAILURE!
java.lang.NullPointerException
	at com.flipkart.qa.testcases.HomePageTest.menShirtsLinkVisibilityTest(HomePageTest.java:39)

