<?xml version="1.0" encoding="UTF-8"?>
<!-- Generated by org.testng.reporters.JUnitXMLReporter -->
<testsuite hostname="LAPTOP-KCTA0C3M" ignored="0" name="Surefire test" tests="6" failures="1" timestamp="2020-09-03T18:58:16 IST" time="81.897" errors="0">
  <testcase name="flipkartLogoTest" time="0.099" classname="com.flipkart.qa.testcases.HomePageTest"/>
  <testcase name="menShirtsLinkVisibilityTest" time="0.001" classname="com.flipkart.qa.testcases.HomePageTest">
    <failure type="java.lang.NullPointerException">
      <![CDATA[java.lang.NullPointerException
at com.flipkart.qa.pages.HomePage.menShirtsLinkVisibility(HomePage.java:38)
at com.flipkart.qa.testcases.HomePageTest.menShirtsLinkVisibilityTest(HomePageTest.java:39)
at java.util.ArrayList.forEach(ArrayList.java:1259)
... Removed 32 stack frames]]>
    </failure>
  </testcase> <!-- menShirtsLinkVisibilityTest -->
  <testcase name="offerZoneAvailabilityTest" time="5.139" classname="com.flipkart.qa.testcases.HomePageTest"/>
  <testcase name="loginPageTitleTest" time="0.014" classname="com.flipkart.qa.testcases.LoginPageTest"/>
  <testcase name="createAccountLinkTest" time="0.348" classname="com.flipkart.qa.testcases.LoginPageTest"/>
  <testcase name="loginToApplicationTest" time="0.39" classname="com.flipkart.qa.testcases.LoginPageTest"/>
</testsuite> <!-- Surefire test -->
